00:41:30.488 [schedule-pool-1] INFO  sys-user - [run,55] - [127.0.0.1]内网IP[admin][Error][验证码错误]
00:41:38.775 [schedule-pool-1] INFO  sys-user - [run,55] - [127.0.0.1]内网IP[admin][Success][登录成功]
00:44:45.413 [SpringApplicationShutdownHook] INFO  sys-user - [shutdownAsyncManager,31] - ====关闭后台任务任务线程池====
00:53:01.481 [SpringApplicationShutdownHook] INFO  sys-user - [shutdownAsyncManager,31] - ====关闭后台任务任务线程池====
00:54:08.267 [SpringApplicationShutdownHook] INFO  sys-user - [shutdownAsyncManager,31] - ====关闭后台任务任务线程池====
01:03:33.397 [SpringApplicationShutdownHook] INFO  sys-user - [shutdownAsyncManager,31] - ====关闭后台任务任务线程池====
01:06:01.319 [SpringApplicationShutdownHook] INFO  sys-user - [shutdownAsyncManager,31] - ====关闭后台任务任务线程池====
01:08:59.943 [Thread-2] INFO  sys-user - [shutdownAsyncManager,31] - ====关闭后台任务任务线程池====
01:09:03.490 [Thread-17] INFO  sys-user - [shutdownAsyncManager,31] - ====关闭后台任务任务线程池====
01:14:44.081 [SpringApplicationShutdownHook] INFO  sys-user - [shutdownAsyncManager,31] - ====关闭后台任务任务线程池====
01:19:07.067 [SpringApplicationShutdownHook] INFO  sys-user - [shutdownAsyncManager,31] - ====关闭后台任务任务线程池====
01:31:56.100 [SpringApplicationShutdownHook] INFO  sys-user - [shutdownAsyncManager,31] - ====关闭后台任务任务线程池====
01:36:47.850 [Thread-2] INFO  sys-user - [shutdownAsyncManager,31] - ====关闭后台任务任务线程池====
01:36:51.632 [Thread-17] INFO  sys-user - [shutdownAsyncManager,31] - ====关闭后台任务任务线程池====
02:14:00.773 [Thread-21] INFO  sys-user - [shutdownAsyncManager,31] - ====关闭后台任务任务线程池====
02:14:04.536 [Thread-25] INFO  sys-user - [shutdownAsyncManager,31] - ====关闭后台任务任务线程池====
04:04:10.032 [Thread-29] INFO  sys-user - [shutdownAsyncManager,31] - ====关闭后台任务任务线程池====
04:04:14.300 [Thread-33] INFO  sys-user - [shutdownAsyncManager,31] - ====关闭后台任务任务线程池====
04:04:16.566 [restartedMain] INFO  sys-user - [shutdownAsyncManager,31] - ====关闭后台任务任务线程池====
04:04:59.411 [schedule-pool-1] INFO  sys-user - [run,55] - [127.0.0.1]内网IP[admin][Success][登录成功]
04:09:25.510 [SpringApplicationShutdownHook] INFO  sys-user - [shutdownAsyncManager,31] - ====关闭后台任务任务线程池====
04:09:48.518 [restartedMain] INFO  sys-user - [shutdownAsyncManager,31] - ====关闭后台任务任务线程池====
04:10:27.778 [restartedMain] INFO  sys-user - [shutdownAsyncManager,31] - ====关闭后台任务任务线程池====
04:10:41.808 [Thread-37] INFO  sys-user - [shutdownAsyncManager,31] - ====关闭后台任务任务线程池====
04:10:46.004 [restartedMain] INFO  sys-user - [shutdownAsyncManager,31] - ====关闭后台任务任务线程池====
04:10:56.245 [Thread-45] INFO  sys-user - [shutdownAsyncManager,31] - ====关闭后台任务任务线程池====
04:11:02.013 [restartedMain] INFO  sys-user - [shutdownAsyncManager,31] - ====关闭后台任务任务线程池====
04:14:08.658 [Thread-49] INFO  sys-user - [shutdownAsyncManager,31] - ====关闭后台任务任务线程池====
04:14:14.216 [restartedMain] INFO  sys-user - [shutdownAsyncManager,31] - ====关闭后台任务任务线程池====
04:14:45.572 [restartedMain] INFO  sys-user - [shutdownAsyncManager,31] - ====关闭后台任务任务线程池====
04:15:13.946 [Thread-53] INFO  sys-user - [shutdownAsyncManager,31] - ====关闭后台任务任务线程池====
04:15:18.112 [restartedMain] INFO  sys-user - [shutdownAsyncManager,31] - ====关闭后台任务任务线程池====
04:16:07.014 [Thread-57] INFO  sys-user - [shutdownAsyncManager,31] - ====关闭后台任务任务线程池====
04:16:11.074 [restartedMain] INFO  sys-user - [shutdownAsyncManager,31] - ====关闭后台任务任务线程池====
04:16:45.252 [Thread-61] INFO  sys-user - [shutdownAsyncManager,31] - ====关闭后台任务任务线程池====
04:16:49.734 [restartedMain] INFO  sys-user - [shutdownAsyncManager,31] - ====关闭后台任务任务线程池====
04:18:31.683 [SpringApplicationShutdownHook] INFO  sys-user - [shutdownAsyncManager,31] - ====关闭后台任务任务线程池====
04:20:53.351 [schedule-pool-1] INFO  sys-user - [run,55] - [127.0.0.1]内网IP[admin][Success][登录成功]
04:31:50.756 [Thread-10] INFO  sys-user - [shutdownAsyncManager,31] - ====关闭后台任务任务线程池====
13:26:24.123 [schedule-pool-1] INFO  sys-user - [run,55] - [127.0.0.1]内网IP[admin][Success][登录成功]
14:16:51.552 [schedule-pool-1] INFO  sys-user - [run,55] - [127.0.0.1]内网IP[admin][Success][登录成功]
14:34:56.544 [restartedMain] INFO  sys-user - [shutdownAsyncManager,31] - ====关闭后台任务任务线程池====
14:36:25.537 [restartedMain] INFO  sys-user - [shutdownAsyncManager,31] - ====关闭后台任务任务线程池====
14:37:18.298 [SpringApplicationShutdownHook] INFO  sys-user - [shutdownAsyncManager,31] - ====关闭后台任务任务线程池====
14:41:23.869 [schedule-pool-1] INFO  sys-user - [run,55] - [127.0.0.1]内网IP[admin][Success][登录成功]
20:14:16.716 [schedule-pool-1] INFO  sys-user - [run,55] - [127.0.0.1]内网IP[admin][Success][登录成功]
23:22:36.976 [SpringApplicationShutdownHook] INFO  sys-user - [shutdownAsyncManager,31] - ====关闭后台任务任务线程池====
23:24:56.744 [schedule-pool-1] INFO  sys-user - [run,55] - [127.0.0.1]内网IP[admin][Success][登录成功]
